<?xml version="1.0" encoding="UTF-8"?>
<!-- Generated by org.testng.reporters.JUnitXMLReporter -->
<testsuite hostname="LAPTOP-JEI8AS0O" ignored="2" name="Test" tests="3" failures="0" timestamp="30 Sep 2018 16:09:16 GMT" time="27.147" errors="0">
  <testcase name="TestOne" time="0.0" classname="testNGPackage.TestNGTwo"/>
  <testcase name="loginFeature" time="7.167" classname="testNGPackage.TestNGOne"/>
  <testcase name="privacyPolicy" time="5.25" classname="testNGPackage.TestNGOne"/>
  <testcase name="forgotLink" time="0.0" classname="testNGPackage.TestNGOne">
    <ignored/>
  </testcase> <!-- forgotLink -->
  <testcase name="TestTwo" time="0.0" classname="testNGPackage.TestNGTwo">
    <ignored/>
  </testcase> <!-- TestTwo -->
</testsuite> <!-- Test -->
